<?xml version="1.0" encoding="UTF-8"?>
<!-- Generated by org.testng.reporters.JUnitReportReporter -->
<testsuite hostname="CAV-PC" name="com.test.FramesAndWindowsTest" tests="2" failures="0" timestamp="17 May 2016 16:12:01 GMT" time="5.358" errors="0">
  <testcase name="screenshot" time="1.192" classname="com.test.FramesAndWindowsTest"/>
  <testcase name="test" time="4.166" classname="com.test.FramesAndWindowsTest"/>
</testsuite> <!-- com.test.FramesAndWindowsTest -->
