<?xml version="1.0" encoding="UTF-8"?>
<!-- Generated by org.testng.reporters.JUnitReportReporter -->
<testsuite hostname="CAV-PC" name="com.test.ContactTest" tests="3" failures="0" timestamp="17 May 2016 16:09:42 GMT" time="4.876" errors="0">
  <testcase name="contactForm" time="2.622" classname="com.test.ContactTest"/>
  <testcase name="screenshot" time="0.220" classname="com.test.ContactTest"/>
  <testcase name="contactForm" time="2.034" classname="com.test.ContactTest"/>
</testsuite> <!-- com.test.ContactTest -->
